<?xml version="1.0" encoding="UTF-8"?>
<testsuite xmlns:xsi="http://www.w3.org/2001/XMLSchema-instance" xsi:noNamespaceSchemaLocation="https://maven.apache.org/surefire/maven-surefire-plugin/xsd/surefire-test-report-3.0.xsd" version="3.0" name="com.stockearte.tp3_grupo10.Tp3Grupo10ApplicationTests" time="4.725" tests="1" errors="0" skipped="0" failures="0">
  <properties>
[...]
</properties>
  <testcase name="contextLoads" classname="com.stockearte.tp3_grupo10.Tp3Grupo10ApplicationTests" time="0.345">
    <system-out><![CDATA[15:58:49.114 [main] INFO org.springframework.test.context.support.AnnotationConfigContextLoaderUtils -- Could not detect default configuration classes for test class [com.stockearte.tp3_grupo10.Tp3Grupo10ApplicationTests]: Tp3Grupo10ApplicationTests does not declare any static, non-private, non-final, nested classes annotated with @Configuration.
15:58:49.207 [main] INFO org.springframework.boot.test.context.SpringBootTestContextBootstrapper -- Found @SpringBootConfiguration com.stockearte.tp3_grupo10.Tp3Grupo10Application for test class com.stockearte.tp3_grupo10.Tp3Grupo10ApplicationTests
15:58:49.376 [main] INFO org.springframework.boot.devtools.restart.RestartApplicationListener -- Restart disabled due to context in which it is running

  .   ____          _            __ _ _
 /\\ / ___'_ __ _ _(_)_ __  __ _ \ \ \ \
( ( )\___ | '_ | '_| | '_ \/ _` | \ \ \ \
 \\/  ___)| |_)| | | | | || (_| |  ) ) ) )
  '  |____| .__|_| |_|_| |_\__, | / / / /
 =========|_|==============|___/=/_/_/_/

 :: Spring Boot ::                (v3.3.3)

2024-10-26T15:58:49.624-03:00  INFO 20844 --- [tp3_grupo10] [           main] c.s.t.Tp3Grupo10ApplicationTests         : Starting Tp3Grupo10ApplicationTests using Java 17.0.12 with PID 20844 (started by gonza in C:\Users\gonza\Desktop\Facu\2024\5. Sistemas Distribuidos\TP_03 - Web Services SOAP-REST\tp3distribuidos_grupo10\tp3distribuidos_grupo10)
2024-10-26T15:58:49.625-03:00  INFO 20844 --- [tp3_grupo10] [           main] c.s.t.Tp3Grupo10ApplicationTests         : No active profile set, falling back to 1 default profile: "default"
2024-10-26T15:58:50.238-03:00  INFO 20844 --- [tp3_grupo10] [           main] .s.d.r.c.RepositoryConfigurationDelegate : Bootstrapping Spring Data JPA repositories in DEFAULT mode.
2024-10-26T15:58:50.314-03:00  INFO 20844 --- [tp3_grupo10] [           main] .s.d.r.c.RepositoryConfigurationDelegate : Finished Spring Data repository scanning in 69 ms. Found 7 JPA repository interfaces.
2024-10-26T15:58:50.565-03:00  WARN 20844 --- [tp3_grupo10] [           main] trationDelegate$BeanPostProcessorChecker : Bean 'webServiceConfig' of type [com.stockearte.tp3_grupo10.config.WebServiceConfig$$SpringCGLIB$$0] is not eligible for getting processed by all BeanPostProcessors (for example: not eligible for auto-proxying). Is this bean getting eagerly injected into a currently created BeanPostProcessor [annotationActionEndpointMapping]? Check the corresponding BeanPostProcessor declaration and its dependencies.
2024-10-26T15:58:50.566-03:00  WARN 20844 --- [tp3_grupo10] [           main] trationDelegate$BeanPostProcessorChecker : Bean 'org.springframework.ws.config.annotation.DelegatingWsConfiguration' of type [org.springframework.ws.config.annotation.DelegatingWsConfiguration$$SpringCGLIB$$0] is not eligible for getting processed by all BeanPostProcessors (for example: not eligible for auto-proxying). The currently created BeanPostProcessor [annotationActionEndpointMapping] is declared through a non-static factory method on that class; consider declaring it as static instead.
2024-10-26T15:58:50.593-03:00  INFO 20844 --- [tp3_grupo10] [           main] .w.s.a.s.AnnotationActionEndpointMapping : Supporting [WS-Addressing August 2004, WS-Addressing 1.0]
2024-10-26T15:58:50.757-03:00  INFO 20844 --- [tp3_grupo10] [           main] o.hibernate.jpa.internal.util.LogHelper  : HHH000204: Processing PersistenceUnitInfo [name: default]
2024-10-26T15:58:50.819-03:00  INFO 20844 --- [tp3_grupo10] [           main] org.hibernate.Version                    : HHH000412: Hibernate ORM core version 6.5.2.Final
2024-10-26T15:58:50.856-03:00  INFO 20844 --- [tp3_grupo10] [           main] o.h.c.internal.RegionFactoryInitiator    : HHH000026: Second-level cache disabled
2024-10-26T15:58:51.191-03:00  INFO 20844 --- [tp3_grupo10] [           main] o.s.o.j.p.SpringPersistenceUnitInfo      : No LoadTimeWeaver setup: ignoring JPA class transformer
2024-10-26T15:58:51.218-03:00  INFO 20844 --- [tp3_grupo10] [           main] com.zaxxer.hikari.HikariDataSource       : HikariPool-1 - Starting...
2024-10-26T15:58:51.472-03:00  INFO 20844 --- [tp3_grupo10] [           main] com.zaxxer.hikari.pool.HikariPool        : HikariPool-1 - Added connection com.mysql.cj.jdbc.ConnectionImpl@3722f39d
2024-10-26T15:58:51.474-03:00  INFO 20844 --- [tp3_grupo10] [           main] com.zaxxer.hikari.HikariDataSource       : HikariPool-1 - Start completed.
2024-10-26T15:58:52.376-03:00  INFO 20844 --- [tp3_grupo10] [           main] o.h.e.t.j.p.i.JtaPlatformInitiator       : HHH000489: No JTA platform available (set 'hibernate.transaction.jta.platform' to enable JTA platform integration)
2024-10-26T15:58:52.451-03:00  INFO 20844 --- [tp3_grupo10] [           main] j.LocalContainerEntityManagerFactoryBean : Initialized JPA EntityManagerFactory for persistence unit 'default'
2024-10-26T15:58:52.866-03:00  WARN 20844 --- [tp3_grupo10] [           main] JpaBaseConfiguration$JpaWebConfiguration : spring.jpa.open-in-view is enabled by default. Therefore, database queries may be performed during view rendering. Explicitly configure spring.jpa.open-in-view to disable this warning
2024-10-26T15:58:53.163-03:00  WARN 20844 --- [tp3_grupo10] [           main] .s.s.UserDetailsServiceAutoConfiguration : 

Using generated security password: afd73862-f8e0-4a7c-8640-a30b12b557f6

This generated password is for development use only. Your security configuration must be updated before running your application in production.

2024-10-26T15:58:53.179-03:00  INFO 20844 --- [tp3_grupo10] [           main] r$InitializeUserDetailsManagerConfigurer : Global AuthenticationManager configured with UserDetailsService bean with name inMemoryUserDetailsManager
2024-10-26T15:58:53.333-03:00  INFO 20844 --- [tp3_grupo10] [           main] c.s.t.Tp3Grupo10ApplicationTests         : Started Tp3Grupo10ApplicationTests in 3.969 seconds (process running for 4.846)
]]></system-out>
  </testcase>
</testsuite>